[INFO]	2023-02-14 16:03:59	Verified user permission
[INFO]	2023-02-14 16:03:59	Verified GPIO is available
[INFO]	2023-02-14 16:03:59	Ping disabled
[WARN]	2023-02-14 16:03:59	No connection to land
[ERROR]	2023-02-14 16:03:59	Hydrophone is not available
[INFO]	2023-02-16 12:23:58	Verified user permission
[INFO]	2023-02-16 12:23:58	Verified GPIO is available
[INFO]	2023-02-16 12:23:58	Ping disabled
[WARN]	2023-02-16 12:23:58	No connection to land
[ERROR]	2023-02-16 12:23:58	Hydrophone is not available
[INFO]	2023-02-16 12:23:58	Started web server
[INFO]	2023-02-16 12:23:58	Listening to socket
[INFO]	2023-02-16 12:35:44	Enabled wiper
[INFO]	2023-02-16 12:36:11	Enabled lights
[INFO]	2023-02-16 12:37:42	Enabled lights
[INFO]	2023-02-16 12:37:44	Enabled lights
[INFO]	2023-02-16 12:49:52	Verified user permission
[INFO]	2023-02-16 12:49:52	Verified GPIO is available
[INFO]	2023-02-16 12:49:52	Ping disabled
[WARN]	2023-02-16 12:49:52	No connection to land
[ERROR]	2023-02-16 12:49:52	Hydrophone is not available
[INFO]	2023-02-16 12:49:52	Started web server
[INFO]	2023-02-16 12:49:52	Listening to socket
[INFO]	2023-02-16 12:50:10	Enabled lights
[INFO]	2023-02-16 12:50:19	Enabled lights
[INFO]	2023-02-16 12:52:39	Verified user permission
[INFO]	2023-02-16 12:52:39	Verified GPIO is available
[INFO]	2023-02-16 12:52:39	Ping disabled
[WARN]	2023-02-16 12:52:39	No connection to land
[ERROR]	2023-02-16 12:52:39	Hydrophone is not available
[INFO]	2023-02-16 12:52:39	Started web server
[INFO]	2023-02-16 12:52:39	Listening to socket
[INFO]	2023-02-16 12:52:43	Enabled lights
[INFO]	2023-02-16 12:52:45	Disabled lights
[INFO]	2023-02-16 12:52:48	Enabled lights
[INFO]	2023-02-16 13:00:59	Verified user permission
[INFO]	2023-02-16 13:00:59	Verified GPIO is available
[INFO]	2023-02-16 13:00:59	Ping disabled
[WARN]	2023-02-16 13:00:59	No connection to land
[ERROR]	2023-02-16 13:00:59	Hydrophone is not available
[INFO]	2023-02-16 13:00:59	Started web server
[INFO]	2023-02-16 13:00:59	Listening to socket
[INFO]	2023-02-16 13:02:01	Enabled lights
[INFO]	2023-02-16 13:02:09	Disabled lights
[INFO]	2023-02-16 13:02:47	Disabled lights
[INFO]	2023-02-16 13:02:48	Enabled lights
[INFO]	2023-02-16 13:02:51	Disabled lights
[ERROR]	2023-02-16 13:03:54	Trying to read an input value on an output
[ERROR]	2023-02-16 13:03:56	Trying to read an input value on an output
[ERROR]	2023-02-16 13:03:57	Trying to read an input value on an output
[ERROR]	2023-02-16 13:03:58	Trying to read an input value on an output
[INFO]	2023-02-16 13:05:02	Verified user permission
[INFO]	2023-02-16 13:05:02	Verified GPIO is available
[INFO]	2023-02-16 13:05:02	Ping disabled
[WARN]	2023-02-16 13:05:02	No connection to land
[ERROR]	2023-02-16 13:05:02	Hydrophone is not available
[INFO]	2023-02-16 13:05:02	Started web server
[INFO]	2023-02-16 13:05:02	Listening to socket
[INFO]	2023-02-16 13:05:08	Enabled wiper
[INFO]	2023-02-16 13:05:09	Enabled wiper
[INFO]	2023-02-16 13:05:10	Enabled wiper
[INFO]	2023-02-16 13:05:11	Enabled wiper
[INFO]	2023-02-16 13:05:11	Enabled wiper
[INFO]	2023-02-16 13:05:12	Enabled wiper
[INFO]	2023-02-16 13:05:28	Enabled lights
[INFO]	2023-02-16 13:05:31	Disabled lights
[INFO]	2023-02-16 13:05:37	Received an invalid command
[INFO]	2023-02-16 13:06:42	Verified user permission
[INFO]	2023-02-16 13:06:42	Verified GPIO is available
[INFO]	2023-02-16 13:06:42	Ping disabled
[WARN]	2023-02-16 13:06:42	No connection to land
[ERROR]	2023-02-16 13:06:42	Hydrophone is not available
[INFO]	2023-02-16 13:06:42	Started web server
[INFO]	2023-02-16 13:06:42	Listening to socket
[INFO]	2023-02-16 13:22:19	Verified user permission
[INFO]	2023-02-16 13:22:19	Verified GPIO is available
[INFO]	2023-02-16 13:22:19	Ping disabled
[WARN]	2023-02-16 13:22:19	No connection to land
[ERROR]	2023-02-16 13:22:19	Hydrophone is not available
[INFO]	2023-02-16 13:22:19	Started web server
[INFO]	2023-02-16 13:22:19	Listening to socket
[INFO]	2023-02-16 13:23:03	Enabled lights
[INFO]	2023-02-16 13:23:05	Disabled lights
[INFO]	2023-02-16 13:23:11	Enabled lights
[INFO]	2023-02-16 13:23:20	Disabled lights
[INFO]	2023-02-16 13:24:02	Received an invalid command
[INFO]	2023-02-16 13:42:16	Verified user permission
[INFO]	2023-02-16 13:42:16	Verified GPIO is available
[INFO]	2023-02-16 13:42:16	Ping disabled
[WARN]	2023-02-16 13:42:16	No connection to land
[ERROR]	2023-02-16 13:42:16	Hydrophone is not available
[INFO]	2023-02-16 13:42:16	Started web server
[INFO]	2023-02-16 13:42:16	Listening to socket
[INFO]	2023-02-16 13:58:40	Verified user permission
[INFO]	2023-02-16 13:58:40	Verified GPIO is available
[INFO]	2023-02-16 13:58:40	Ping disabled
[WARN]	2023-02-16 13:58:40	No connection to land
[ERROR]	2023-02-16 13:58:40	Hydrophone is not available
[INFO]	2023-02-16 13:58:40	Started web server
[INFO]	2023-02-16 13:58:40	Listening to socket
[INFO]	2023-02-16 13:58:44	Received SIGINT signal
